SF:lib\ingredient.dart
DA:7,4
DA:10,2
DA:11,8
DA:14,0
DA:16,6
DA:18,1
DA:19,2
DA:20,1
DA:21,1
DA:26,1
DA:27,1
DA:28,3
LF:12
LH:11
end_of_record
SF:lib\measurement.dart
DA:14,4
DA:15,4
DA:16,4
DA:19,3
DA:20,9
DA:22,3
DA:23,3
DA:25,1
DA:28,18
DA:31,4
DA:32,20
DA:33,20
DA:34,15
DA:35,15
DA:36,18
DA:42,4
DA:43,20
DA:44,20
DA:45,15
DA:46,10
DA:47,14
DA:53,2
DA:54,2
DA:57,3
DA:58,3
DA:62,2
DA:63,6
DA:66,1
DA:67,1
DA:68,1
DA:69,1
DA:73,1
DA:74,3
LF:33
LH:33
end_of_record
SF:lib\recipe.dart
DA:10,2
DA:13,1
DA:14,1
DA:15,2
DA:16,2
DA:18,1
DA:21,1
DA:22,1
DA:23,2
DA:24,2
DA:29,1
DA:30,1
DA:33,0
DA:34,0
DA:37,0
DA:38,0
DA:41,0
DA:42,0
DA:45,0
DA:46,0
DA:49,1
DA:50,5
DA:51,1
DA:52,1
DA:53,1
DA:55,1
DA:56,1
DA:60,1
DA:61,1
DA:63,1
DA:64,2
DA:65,2
DA:67,3
DA:68,2
LF:34
LH:26
end_of_record
SF:lib\recipebook_model.dart
DA:12,1
DA:14,1
DA:15,2
DA:16,1
DA:19,1
DA:20,1
DA:22,1
DA:24,1
DA:26,1
DA:28,1
DA:30,1
DA:32,1
DA:34,1
DA:36,1
DA:38,1
DA:40,1
DA:42,1
DA:44,1
DA:46,1
DA:48,1
DA:50,1
DA:52,1
DA:54,1
DA:56,1
DA:58,1
DA:60,1
DA:62,1
DA:67,1
DA:70,1
DA:71,1
DA:73,1
DA:75,1
DA:77,1
DA:79,1
DA:81,1
DA:83,1
DA:85,1
DA:87,1
DA:89,1
DA:94,1
DA:97,1
DA:98,1
DA:100,1
DA:102,1
DA:104,1
DA:106,1
DA:108,1
DA:110,1
DA:112,1
DA:114,1
DA:116,1
DA:118,1
DA:120,1
DA:122,1
DA:124,1
DA:126,1
DA:128,1
DA:130,1
DA:132,1
DA:134,1
DA:136,1
DA:141,1
DA:144,1
DA:145,1
DA:147,1
DA:149,1
DA:151,1
DA:153,1
DA:155,1
DA:157,1
DA:159,1
DA:161,1
DA:163,1
DA:165,1
DA:167,1
DA:169,1
DA:171,1
DA:173,1
DA:175,1
DA:177,1
DA:179,1
DA:187,1
DA:188,2
DA:189,4
DA:190,1
DA:193,1
DA:194,1
DA:195,1
DA:196,1
DA:197,1
DA:198,2
DA:199,4
DA:200,1
DA:204,1
DA:205,3
DA:208,1
DA:209,2
DA:212,0
DA:213,0
DA:216,0
DA:217,0
DA:220,1
DA:221,1
DA:224,1
DA:225,3
DA:226,2
DA:229,1
DA:230,1
DA:231,2
DA:233,3
DA:234,1
DA:236,2
DA:237,2
DA:239,1
LF:114
LH:110
end_of_record
SF:lib\storage.dart
DA:5,2
DA:6,2
DA:8,2
DA:11,2
DA:12,2
DA:13,4
DA:16,2
DA:17,2
DA:19,2
DA:22,2
DA:24,2
DA:27,2
LF:12
LH:12
end_of_record
